<?xml version="1.0" encoding="UTF-8"?>
<coverage generated="1756251246343" clover="3.2.0">
  <project timestamp="1756251246344" name="All files">
    <metrics statements="52" coveredstatements="45" conditionals="18" coveredconditionals="9" methods="14" coveredmethods="12" elements="84" coveredelements="66" complexity="0" loc="52" ncloc="52" packages="3" files="5" classes="5"/>
    <package name="src">
      <metrics statements="5" coveredstatements="5" conditionals="0" coveredconditionals="0" methods="2" coveredmethods="2"/>
      <file name="database.js" path="/home/gianneves/Área de trabalho/Estudos/Backend - Dominando o NodeJS/api-user/src/database.js">
        <metrics statements="5" coveredstatements="5" conditionals="0" coveredconditionals="0" methods="2" coveredmethods="2"/>
        <line num="1" count="2" type="stmt"/>
        <line num="2" count="2" type="stmt"/>
        <line num="6" count="2" type="stmt"/>
        <line num="10" count="2" type="stmt"/>
        <line num="20" count="2" type="stmt"/>
      </file>
    </package>
    <package name="src.model">
      <metrics statements="9" coveredstatements="9" conditionals="0" coveredconditionals="0" methods="2" coveredmethods="2"/>
      <file name="person.js" path="/home/gianneves/Área de trabalho/Estudos/Backend - Dominando o NodeJS/api-user/src/model/person.js">
        <metrics statements="3" coveredstatements="3" conditionals="0" coveredconditionals="0" methods="1" coveredmethods="1"/>
        <line num="1" count="2" type="stmt"/>
        <line num="5" count="2" type="stmt"/>
        <line num="28" count="2" type="stmt"/>
      </file>
      <file name="user.js" path="/home/gianneves/Área de trabalho/Estudos/Backend - Dominando o NodeJS/api-user/src/model/user.js">
        <metrics statements="6" coveredstatements="6" conditionals="0" coveredconditionals="0" methods="1" coveredmethods="1"/>
        <line num="1" count="2" type="stmt"/>
        <line num="2" count="2" type="stmt"/>
        <line num="6" count="2" type="stmt"/>
        <line num="21" count="2" type="stmt"/>
        <line num="25" count="2" type="stmt"/>
        <line num="31" count="2" type="stmt"/>
      </file>
    </package>
    <package name="src.services">
      <metrics statements="38" coveredstatements="31" conditionals="18" coveredconditionals="9" methods="10" coveredmethods="8"/>
      <file name="person.js" path="/home/gianneves/Área de trabalho/Estudos/Backend - Dominando o NodeJS/api-user/src/services/person.js">
        <metrics statements="21" coveredstatements="17" conditionals="10" coveredconditionals="5" methods="5" coveredmethods="4"/>
        <line num="1" count="1" type="stmt"/>
        <line num="2" count="1" type="stmt"/>
        <line num="3" count="1" type="stmt"/>
        <line num="7" count="0" type="stmt"/>
        <line num="11" count="2" type="stmt"/>
        <line num="16" count="1" type="cond" truecount="1" falsecount="1"/>
        <line num="17" count="0" type="stmt"/>
        <line num="18" count="1" type="cond" truecount="1" falsecount="1"/>
        <line num="19" count="0" type="stmt"/>
        <line num="20" count="1" type="cond" truecount="1" falsecount="1"/>
        <line num="21" count="0" type="stmt"/>
        <line num="24" count="1" type="stmt"/>
        <line num="31" count="1" type="stmt"/>
        <line num="33" count="1" type="cond" truecount="1" falsecount="1"/>
        <line num="34" count="1" type="cond" truecount="1" falsecount="1"/>
        <line num="36" count="1" type="stmt"/>
        <line num="38" count="1" type="stmt"/>
        <line num="43" count="1" type="stmt"/>
        <line num="44" count="1" type="stmt"/>
        <line num="46" count="1" type="stmt"/>
        <line num="50" count="1" type="stmt"/>
      </file>
      <file name="user.js" path="/home/gianneves/Área de trabalho/Estudos/Backend - Dominando o NodeJS/api-user/src/services/user.js">
        <metrics statements="17" coveredstatements="14" conditionals="8" coveredconditionals="4" methods="5" coveredmethods="4"/>
        <line num="1" count="2" type="stmt"/>
        <line num="5" count="0" type="stmt"/>
        <line num="9" count="4" type="stmt"/>
        <line num="14" count="3" type="cond" truecount="1" falsecount="1"/>
        <line num="15" count="0" type="stmt"/>
        <line num="16" count="3" type="cond" truecount="1" falsecount="1"/>
        <line num="17" count="0" type="stmt"/>
        <line num="20" count="3" type="stmt"/>
        <line num="27" count="2" type="stmt"/>
        <line num="29" count="2" type="cond" truecount="1" falsecount="1"/>
        <line num="30" count="2" type="cond" truecount="1" falsecount="1"/>
        <line num="32" count="2" type="stmt"/>
        <line num="34" count="2" type="stmt"/>
        <line num="39" count="2" type="stmt"/>
        <line num="41" count="2" type="stmt"/>
        <line num="43" count="2" type="stmt"/>
        <line num="47" count="2" type="stmt"/>
      </file>
    </package>
  </project>
</coverage>
