{"/home/gianneves/Área de trabalho/Estudos/Backend - Dominando o NodeJS/api-user/src/database.js": {"path":"/home/gianneves/Área de trabalho/Estudos/Backend - Dominando o NodeJS/api-user/src/database.js","statementMap":{"0":{"start":{"line":1,"column":22},"end":{"line":1,"column":42}},"1":{"start":{"line":2,"column":0},"end":{"line":2,"column":26}},"2":{"start":{"line":6,"column":8},"end":{"line":6,"column":19}},"3":{"start":{"line":10,"column":8},"end":{"line":16,"column":10}},"4":{"start":{"line":20,"column":0},"end":{"line":20,"column":31}}},"fnMap":{"0":{"name":"(anonymous_0)","decl":{"start":{"line":5,"column":4},"end":{"line":5,"column":5}},"loc":{"start":{"line":5,"column":18},"end":{"line":7,"column":5}},"line":5},"1":{"name":"(anonymous_1)","decl":{"start":{"line":9,"column":4},"end":{"line":9,"column":5}},"loc":{"start":{"line":9,"column":11},"end":{"line":17,"column":5}},"line":9}},"branchMap":{},"s":{"0":2,"1":2,"2":2,"3":2,"4":2},"f":{"0":2,"1":2},"b":{},"_coverageSchema":"1a1c01bbd47fc00a2c39e90264f33305004495a9","hash":"926dfe0264ab641e8df98421eec7d374303b9c7a"}
,"/home/gianneves/Área de trabalho/Estudos/Backend - Dominando o NodeJS/api-user/src/model/person.js": {"path":"/home/gianneves/Área de trabalho/Estudos/Backend - Dominando o NodeJS/api-user/src/model/person.js","statementMap":{"0":{"start":{"line":1,"column":17},"end":{"line":1,"column":39}},"1":{"start":{"line":5,"column":8},"end":{"line":24,"column":10}},"2":{"start":{"line":28,"column":0},"end":{"line":28,"column":36}}},"fnMap":{"0":{"name":"(anonymous_0)","decl":{"start":{"line":4,"column":4},"end":{"line":4,"column":5}},"loc":{"start":{"line":4,"column":18},"end":{"line":25,"column":5}},"line":4}},"branchMap":{},"s":{"0":2,"1":2,"2":2},"f":{"0":2},"b":{},"_coverageSchema":"1a1c01bbd47fc00a2c39e90264f33305004495a9","hash":"e16ae01ab61e311f751f5ff66a591cec5782ed24"}
,"/home/gianneves/Área de trabalho/Estudos/Backend - Dominando o NodeJS/api-user/src/model/user.js": {"path":"/home/gianneves/Área de trabalho/Estudos/Backend - Dominando o NodeJS/api-user/src/model/user.js","statementMap":{"0":{"start":{"line":1,"column":17},"end":{"line":1,"column":39}},"1":{"start":{"line":2,"column":15},"end":{"line":2,"column":34}},"2":{"start":{"line":6,"column":8},"end":{"line":19,"column":10}},"3":{"start":{"line":21,"column":8},"end":{"line":23,"column":10}},"4":{"start":{"line":25,"column":8},"end":{"line":27,"column":10}},"5":{"start":{"line":31,"column":0},"end":{"line":31,"column":34}}},"fnMap":{"0":{"name":"(anonymous_0)","decl":{"start":{"line":5,"column":4},"end":{"line":5,"column":5}},"loc":{"start":{"line":5,"column":18},"end":{"line":28,"column":5}},"line":5}},"branchMap":{},"s":{"0":2,"1":2,"2":2,"3":2,"4":2,"5":2},"f":{"0":2},"b":{},"_coverageSchema":"1a1c01bbd47fc00a2c39e90264f33305004495a9","hash":"10b260810dec98c97d04c011ae24d8c0cf6375bc"}
,"/home/gianneves/Área de trabalho/Estudos/Backend - Dominando o NodeJS/api-user/src/services/person.js": {"path":"/home/gianneves/Área de trabalho/Estudos/Backend - Dominando o NodeJS/api-user/src/services/person.js","statementMap":{"0":{"start":{"line":1,"column":24},"end":{"line":1,"column":67}},"1":{"start":{"line":2,"column":15},"end":{"line":2,"column":41}},"2":{"start":{"line":3,"column":13},"end":{"line":3,"column":37}},"3":{"start":{"line":7,"column":8},"end":{"line":7,"column":46}},"4":{"start":{"line":11,"column":8},"end":{"line":11,"column":81}},"5":{"start":{"line":16,"column":8},"end":{"line":22,"column":9}},"6":{"start":{"line":17,"column":12},"end":{"line":17,"column":50}},"7":{"start":{"line":18,"column":15},"end":{"line":22,"column":9}},"8":{"start":{"line":19,"column":12},"end":{"line":19,"column":54}},"9":{"start":{"line":20,"column":15},"end":{"line":22,"column":9}},"10":{"start":{"line":21,"column":12},"end":{"line":21,"column":52}},"11":{"start":{"line":24,"column":8},"end":{"line":26,"column":27}},"12":{"start":{"line":31,"column":24},"end":{"line":31,"column":60}},"13":{"start":{"line":33,"column":8},"end":{"line":33,"column":43}},"14":{"start":{"line":34,"column":8},"end":{"line":34,"column":52}},"15":{"start":{"line":36,"column":8},"end":{"line":36,"column":37}},"16":{"start":{"line":38,"column":8},"end":{"line":38,"column":22}},"17":{"start":{"line":43,"column":23},"end":{"line":43,"column":59}},"18":{"start":{"line":44,"column":8},"end":{"line":44,"column":39}},"19":{"start":{"line":46,"column":8},"end":{"line":46,"column":19}},"20":{"start":{"line":50,"column":0},"end":{"line":50,"column":36}}},"fnMap":{"0":{"name":"(anonymous_0)","decl":{"start":{"line":6,"column":4},"end":{"line":6,"column":5}},"loc":{"start":{"line":6,"column":31},"end":{"line":8,"column":5}},"line":6},"1":{"name":"(anonymous_1)","decl":{"start":{"line":10,"column":4},"end":{"line":10,"column":5}},"loc":{"start":{"line":10,"column":36},"end":{"line":12,"column":5}},"line":10},"2":{"name":"(anonymous_2)","decl":{"start":{"line":14,"column":4},"end":{"line":14,"column":5}},"loc":{"start":{"line":14,"column":53},"end":{"line":27,"column":5}},"line":14},"3":{"name":"(anonymous_3)","decl":{"start":{"line":29,"column":4},"end":{"line":29,"column":5}},"loc":{"start":{"line":29,"column":49},"end":{"line":40,"column":5}},"line":29},"4":{"name":"(anonymous_4)","decl":{"start":{"line":42,"column":4},"end":{"line":42,"column":5}},"loc":{"start":{"line":42,"column":34},"end":{"line":47,"column":5}},"line":42}},"branchMap":{"0":{"loc":{"start":{"line":16,"column":8},"end":{"line":22,"column":9}},"type":"if","locations":[{"start":{"line":16,"column":8},"end":{"line":22,"column":9}},{"start":{"line":18,"column":15},"end":{"line":22,"column":9}}],"line":16},"1":{"loc":{"start":{"line":18,"column":15},"end":{"line":22,"column":9}},"type":"if","locations":[{"start":{"line":18,"column":15},"end":{"line":22,"column":9}},{"start":{"line":20,"column":15},"end":{"line":22,"column":9}}],"line":18},"2":{"loc":{"start":{"line":20,"column":15},"end":{"line":22,"column":9}},"type":"if","locations":[{"start":{"line":20,"column":15},"end":{"line":22,"column":9}},{"start":{},"end":{}}],"line":20},"3":{"loc":{"start":{"line":33,"column":23},"end":{"line":33,"column":43}},"type":"binary-expr","locations":[{"start":{"line":33,"column":23},"end":{"line":33,"column":27}},{"start":{"line":33,"column":31},"end":{"line":33,"column":43}}],"line":33},"4":{"loc":{"start":{"line":34,"column":26},"end":{"line":34,"column":52}},"type":"binary-expr","locations":[{"start":{"line":34,"column":26},"end":{"line":34,"column":33}},{"start":{"line":34,"column":37},"end":{"line":34,"column":52}}],"line":34}},"s":{"0":1,"1":1,"2":1,"3":0,"4":2,"5":1,"6":0,"7":1,"8":0,"9":1,"10":0,"11":1,"12":1,"13":1,"14":1,"15":1,"16":1,"17":1,"18":1,"19":1,"20":1},"f":{"0":0,"1":2,"2":1,"3":1,"4":1},"b":{"0":[0,1],"1":[0,1],"2":[0,1],"3":[1,0],"4":[1,0]},"_coverageSchema":"1a1c01bbd47fc00a2c39e90264f33305004495a9","hash":"6c7c2d1adb9cd0a89357fcb77eebf5ea34afe5cd"}
,"/home/gianneves/Área de trabalho/Estudos/Backend - Dominando o NodeJS/api-user/src/services/user.js": {"path":"/home/gianneves/Área de trabalho/Estudos/Backend - Dominando o NodeJS/api-user/src/services/user.js","statementMap":{"0":{"start":{"line":1,"column":13},"end":{"line":1,"column":37}},"1":{"start":{"line":5,"column":8},"end":{"line":5,"column":44}},"2":{"start":{"line":9,"column":8},"end":{"line":9,"column":47}},"3":{"start":{"line":14,"column":8},"end":{"line":18,"column":9}},"4":{"start":{"line":15,"column":12},"end":{"line":15,"column":51}},"5":{"start":{"line":16,"column":15},"end":{"line":18,"column":9}},"6":{"start":{"line":17,"column":12},"end":{"line":17,"column":51}},"7":{"start":{"line":20,"column":8},"end":{"line":22,"column":27}},"8":{"start":{"line":27,"column":24},"end":{"line":27,"column":60}},"9":{"start":{"line":29,"column":8},"end":{"line":29,"column":46}},"10":{"start":{"line":30,"column":8},"end":{"line":30,"column":55}},"11":{"start":{"line":32,"column":8},"end":{"line":32,"column":37}},"12":{"start":{"line":34,"column":8},"end":{"line":34,"column":22}},"13":{"start":{"line":39,"column":21},"end":{"line":39,"column":57}},"14":{"start":{"line":41,"column":8},"end":{"line":41,"column":37}},"15":{"start":{"line":43,"column":8},"end":{"line":43,"column":19}},"16":{"start":{"line":47,"column":0},"end":{"line":47,"column":34}}},"fnMap":{"0":{"name":"(anonymous_0)","decl":{"start":{"line":4,"column":4},"end":{"line":4,"column":5}},"loc":{"start":{"line":4,"column":31},"end":{"line":6,"column":5}},"line":4},"1":{"name":"(anonymous_1)","decl":{"start":{"line":8,"column":4},"end":{"line":8,"column":5}},"loc":{"start":{"line":8,"column":36},"end":{"line":10,"column":5}},"line":8},"2":{"name":"(anonymous_2)","decl":{"start":{"line":12,"column":4},"end":{"line":12,"column":5}},"loc":{"start":{"line":12,"column":47},"end":{"line":23,"column":5}},"line":12},"3":{"name":"(anonymous_3)","decl":{"start":{"line":25,"column":4},"end":{"line":25,"column":5}},"loc":{"start":{"line":25,"column":51},"end":{"line":36,"column":5}},"line":25},"4":{"name":"(anonymous_4)","decl":{"start":{"line":38,"column":4},"end":{"line":38,"column":5}},"loc":{"start":{"line":38,"column":34},"end":{"line":44,"column":5}},"line":38}},"branchMap":{"0":{"loc":{"start":{"line":14,"column":8},"end":{"line":18,"column":9}},"type":"if","locations":[{"start":{"line":14,"column":8},"end":{"line":18,"column":9}},{"start":{"line":16,"column":15},"end":{"line":18,"column":9}}],"line":14},"1":{"loc":{"start":{"line":16,"column":15},"end":{"line":18,"column":9}},"type":"if","locations":[{"start":{"line":16,"column":15},"end":{"line":18,"column":9}},{"start":{},"end":{}}],"line":16},"2":{"loc":{"start":{"line":29,"column":24},"end":{"line":29,"column":46}},"type":"binary-expr","locations":[{"start":{"line":29,"column":24},"end":{"line":29,"column":29}},{"start":{"line":29,"column":33},"end":{"line":29,"column":46}}],"line":29},"3":{"loc":{"start":{"line":30,"column":27},"end":{"line":30,"column":55}},"type":"binary-expr","locations":[{"start":{"line":30,"column":27},"end":{"line":30,"column":35}},{"start":{"line":30,"column":39},"end":{"line":30,"column":55}}],"line":30}},"s":{"0":2,"1":0,"2":4,"3":3,"4":0,"5":3,"6":0,"7":3,"8":2,"9":2,"10":2,"11":2,"12":2,"13":2,"14":2,"15":2,"16":2},"f":{"0":0,"1":4,"2":3,"3":2,"4":2},"b":{"0":[0,3],"1":[0,3],"2":[2,0],"3":[2,0]},"_coverageSchema":"1a1c01bbd47fc00a2c39e90264f33305004495a9","hash":"d18325dafe9e34e157b29a8f926a71e1e6a2af7c"}
}
