TN:
SF:src/database.js
FN:5,(anonymous_0)
FN:9,(anonymous_1)
FNF:2
FNH:2
FNDA:2,(anonymous_0)
FNDA:2,(anonymous_1)
DA:1,2
DA:2,2
DA:6,2
DA:10,2
DA:20,2
LF:5
LH:5
BRF:0
BRH:0
end_of_record
TN:
SF:src/model/person.js
FN:4,(anonymous_0)
FNF:1
FNH:1
FNDA:2,(anonymous_0)
DA:1,2
DA:5,2
DA:28,2
LF:3
LH:3
BRF:0
BRH:0
end_of_record
TN:
SF:src/model/user.js
FN:5,(anonymous_0)
FNF:1
FNH:1
FNDA:2,(anonymous_0)
DA:1,2
DA:2,2
DA:6,2
DA:21,2
DA:25,2
DA:31,2
LF:6
LH:6
BRF:0
BRH:0
end_of_record
TN:
SF:src/services/person.js
FN:6,(anonymous_0)
FN:10,(anonymous_1)
FN:14,(anonymous_2)
FN:29,(anonymous_3)
FN:42,(anonymous_4)
FNF:5
FNH:4
FNDA:0,(anonymous_0)
FNDA:2,(anonymous_1)
FNDA:1,(anonymous_2)
FNDA:1,(anonymous_3)
FNDA:1,(anonymous_4)
DA:1,1
DA:2,1
DA:3,1
DA:7,0
DA:11,2
DA:16,1
DA:17,0
DA:18,1
DA:19,0
DA:20,1
DA:21,0
DA:24,1
DA:31,1
DA:33,1
DA:34,1
DA:36,1
DA:38,1
DA:43,1
DA:44,1
DA:46,1
DA:50,1
LF:21
LH:17
BRDA:16,0,0,0
BRDA:16,0,1,1
BRDA:18,1,0,0
BRDA:18,1,1,1
BRDA:20,2,0,0
BRDA:20,2,1,1
BRDA:33,3,0,1
BRDA:33,3,1,0
BRDA:34,4,0,1
BRDA:34,4,1,0
BRF:10
BRH:5
end_of_record
TN:
SF:src/services/user.js
FN:4,(anonymous_0)
FN:8,(anonymous_1)
FN:12,(anonymous_2)
FN:25,(anonymous_3)
FN:38,(anonymous_4)
FNF:5
FNH:4
FNDA:0,(anonymous_0)
FNDA:4,(anonymous_1)
FNDA:3,(anonymous_2)
FNDA:2,(anonymous_3)
FNDA:2,(anonymous_4)
DA:1,2
DA:5,0
DA:9,4
DA:14,3
DA:15,0
DA:16,3
DA:17,0
DA:20,3
DA:27,2
DA:29,2
DA:30,2
DA:32,2
DA:34,2
DA:39,2
DA:41,2
DA:43,2
DA:47,2
LF:17
LH:14
BRDA:14,0,0,0
BRDA:14,0,1,3
BRDA:16,1,0,0
BRDA:16,1,1,3
BRDA:29,2,0,2
BRDA:29,2,1,0
BRDA:30,3,0,2
BRDA:30,3,1,0
BRF:8
BRH:4
end_of_record
